c:\users\lando\documents\github\coda\samples\jucesample\builds\visualstudio2022\x64\release\shared code\include_juce_data_structures.obj
c:\users\lando\documents\github\coda\samples\jucesample\builds\visualstudio2022\x64\release\shared code\include_juce_audio_devices.obj
c:\users\lando\documents\github\coda\samples\jucesample\builds\visualstudio2022\x64\release\shared code\codaslider.obj
c:\users\lando\documents\github\coda\samples\jucesample\builds\visualstudio2022\x64\release\shared code\include_juce_graphics_harfbuzz.obj
c:\users\lando\documents\github\coda\samples\jucesample\builds\visualstudio2022\x64\release\shared code\include_juce_events.obj
c:\users\lando\documents\github\coda\samples\jucesample\builds\visualstudio2022\x64\release\shared code\include_juce_audio_processors_lv2_libs.obj
c:\users\lando\documents\github\coda\samples\jucesample\builds\visualstudio2022\x64\release\shared code\include_juce_core_compilationtime.obj
c:\users\lando\documents\github\coda\samples\jucesample\builds\visualstudio2022\x64\release\shared code\include_juce_audio_plugin_client_ara.obj
c:\users\lando\documents\github\coda\samples\jucesample\builds\visualstudio2022\x64\release\shared code\focusslider.obj
c:\users\lando\documents\github\coda\samples\jucesample\builds\visualstudio2022\x64\release\shared code\plugineditor.obj
c:\users\lando\documents\github\coda\samples\jucesample\builds\visualstudio2022\x64\release\shared code\binarydata.obj
c:\users\lando\documents\github\coda\samples\jucesample\builds\visualstudio2022\x64\release\shared code\include_juce_opengl.obj
c:\users\lando\documents\github\coda\samples\jucesample\builds\visualstudio2022\x64\release\shared code\utils.obj
c:\users\lando\documents\github\coda\samples\jucesample\builds\visualstudio2022\x64\release\shared code\include_juce_audio_utils.obj
c:\users\lando\documents\github\coda\samples\jucesample\builds\visualstudio2022\x64\release\shared code\include_juce_audio_processors_ara.obj
c:\users\lando\documents\github\coda\samples\jucesample\builds\visualstudio2022\x64\release\shared code\focussliderlnf.obj
c:\users\lando\documents\github\coda\samples\jucesample\builds\visualstudio2022\x64\release\shared code\appconfig.obj
c:\users\lando\documents\github\coda\samples\jucesample\builds\visualstudio2022\x64\release\shared code\filterresponsegraph.obj
c:\users\lando\documents\github\coda\samples\jucesample\builds\visualstudio2022\x64\release\shared code\include_juce_audio_basics.obj
c:\users\lando\documents\github\coda\samples\jucesample\builds\visualstudio2022\x64\release\shared code\include_juce_dsp.obj
c:\users\lando\documents\github\coda\samples\jucesample\builds\visualstudio2022\x64\release\shared code\pluginprocessor.obj
c:\users\lando\documents\github\coda\samples\jucesample\builds\visualstudio2022\x64\release\shared code\codasliderlookandfeel.obj
c:\users\lando\documents\github\coda\samples\jucesample\builds\visualstudio2022\x64\release\shared code\include_juce_gui_extra.obj
c:\users\lando\documents\github\coda\samples\jucesample\builds\visualstudio2022\x64\release\shared code\include_juce_audio_formats.obj
c:\users\lando\documents\github\coda\samples\jucesample\builds\visualstudio2022\x64\release\shared code\coda.pdb
c:\users\lando\documents\github\coda\samples\jucesample\builds\visualstudio2022\x64\release\shared code\include_juce_graphics.obj
c:\users\lando\documents\github\coda\samples\jucesample\builds\visualstudio2022\x64\release\shared code\include_juce_gui_basics.obj
c:\users\lando\documents\github\coda\samples\jucesample\builds\visualstudio2022\x64\release\shared code\include_juce_audio_processors.obj
c:\users\lando\documents\github\coda\samples\jucesample\builds\visualstudio2022\x64\release\shared code\include_juce_core.obj
c:\users\lando\documents\github\coda\samples\jucesample\builds\visualstudio2022\x64\release\shared code\coda.lib
c:\users\lando\documents\github\coda\samples\jucesample\builds\visualstudio2022\x64\release\shared code\coda_sharedcode.tlog\cl.command.1.tlog
c:\users\lando\documents\github\coda\samples\jucesample\builds\visualstudio2022\x64\release\shared code\coda_sharedcode.tlog\cl.items.tlog
c:\users\lando\documents\github\coda\samples\jucesample\builds\visualstudio2022\x64\release\shared code\coda_sharedcode.tlog\cl.read.1.tlog
c:\users\lando\documents\github\coda\samples\jucesample\builds\visualstudio2022\x64\release\shared code\coda_sharedcode.tlog\cl.write.1.tlog
c:\users\lando\documents\github\coda\samples\jucesample\builds\visualstudio2022\x64\release\shared code\coda_sharedcode.tlog\lib-link.read.1.tlog
c:\users\lando\documents\github\coda\samples\jucesample\builds\visualstudio2022\x64\release\shared code\coda_sharedcode.tlog\lib-link.write.1.tlog
c:\users\lando\documents\github\coda\samples\jucesample\builds\visualstudio2022\x64\release\shared code\coda_sharedcode.tlog\lib.command.1.tlog
