  PluginEditor.cpp
C:\Users\lando\Documents\GitHub\CODA\samples\JUCESample\Source\laf\centerSliderLAF.h(9,10): warning C4373: 'CutoffSlider::drawLinearSlider': virtual function overrides 'juce::LookAndFeel_V4::drawLinearSlider', previous versions of the compiler did not override when parameters only differed by const/volatile qualifiers
C:\Users\lando\Documents\GitHub\CODA\samples\JUCESample\JUCE\modules\juce_gui_basics\lookandfeel\juce_LookAndFeel_V4.h(211,10): message : see declaration of 'juce::LookAndFeel_V4::drawLinearSlider'
C:\Users\lando\Documents\GitHub\CODA\samples\JUCESample\Source\laf\centerSliderLAF.h(22,41): warning C4244: 'argument': conversion from 'int' to 'float', possible loss of data
C:\Users\lando\Documents\GitHub\CODA\samples\JUCESample\Source\laf\centerSliderLAF.h(22,34): warning C4244: 'argument': conversion from 'int' to 'float', possible loss of data
C:\Users\lando\Documents\GitHub\CODA\samples\JUCESample\Source\laf\centerSliderLAF.h(22,26): warning C4244: 'argument': conversion from 'int' to 'float', possible loss of data
C:\Users\lando\Documents\GitHub\CODA\samples\JUCESample\Source\laf\centerSliderLAF.h(67,50): warning C4244: 'argument': conversion from 'double' to 'float', possible loss of data
C:\Users\lando\Documents\GitHub\CODA\samples\JUCESample\Source\laf\centerSliderLAF.h(71,48): warning C4244: 'argument': conversion from 'int' to 'ValueType', possible loss of data
          with
          [
              ValueType=float
          ]
C:\Users\lando\Documents\GitHub\CODA\samples\JUCESample\Source\laf\centerSliderLAF.h(75,112): warning C4244: 'argument': conversion from 'double' to 'float', possible loss of data
C:\Users\lando\Documents\GitHub\CODA\samples\JUCESample\Source\laf\centerSliderLAF.h(75,80): warning C4244: 'argument': conversion from 'double' to 'float', possible loss of data
C:\Users\lando\Documents\GitHub\CODA\samples\JUCESample\Source\laf\centerSliderLAF.h(67,29): warning C4996: 'juce::Font::Font': Use the constructor that takes a FontOptions argument
C:\Users\lando\Documents\GitHub\CODA\samples\JUCESample\Source\laf\centerSliderLAF.h(13,70): warning C4100: 'style': unreferenced formal parameter
C:\Users\lando\Documents\GitHub\CODA\samples\JUCESample\Source\laf\centerSliderLAF.h(12,50): warning C4100: 'maxSliderPos': unreferenced formal parameter
C:\Users\lando\Documents\GitHub\CODA\samples\JUCESample\Source\laf\centerSliderLAF.h(11,50): warning C4100: 'minSliderPos': unreferenced formal parameter
C:\Users\lando\Documents\GitHub\CODA\samples\JUCESample\Source\laf\centerSliderLAF.h(10,50): warning C4100: 'sliderPos': unreferenced formal parameter
C:\Users\lando\Documents\GitHub\CODA\samples\JUCESample\Source\PluginEditor.cpp(112,30): warning C4244: 'argument': conversion from 'double' to 'int', possible loss of data
C:\Users\lando\Documents\GitHub\CODA\samples\JUCESample\Source\PluginEditor.cpp(112,18): warning C4244: 'argument': conversion from 'double' to 'int', possible loss of data
C:\Users\lando\Documents\GitHub\CODA\samples\JUCESample\Source\PluginEditor.cpp(143,53): warning C4244: 'argument': conversion from 'double' to 'int', possible loss of data
C:\Users\lando\Documents\GitHub\CODA\samples\JUCESample\Source\PluginEditor.cpp(143,42): warning C4244: 'argument': conversion from 'double' to 'int', possible loss of data
C:\Users\lando\Documents\GitHub\CODA\samples\JUCESample\Source\PluginEditor.cpp(143,35): warning C4244: 'argument': conversion from 'double' to 'int', possible loss of data
C:\Users\lando\Documents\GitHub\CODA\samples\JUCESample\Source\PluginEditor.cpp(143,28): warning C4244: 'argument': conversion from 'double' to 'int', possible loss of data
C:\Users\lando\Documents\GitHub\CODA\samples\JUCESample\Source\PluginEditor.cpp(149,55): warning C4244: 'argument': conversion from 'double' to 'int', possible loss of data
C:\Users\lando\Documents\GitHub\CODA\samples\JUCESample\Source\PluginEditor.cpp(149,44): warning C4244: 'argument': conversion from 'double' to 'int', possible loss of data
C:\Users\lando\Documents\GitHub\CODA\samples\JUCESample\Source\PluginEditor.cpp(149,37): warning C4244: 'argument': conversion from 'double' to 'int', possible loss of data
C:\Users\lando\Documents\GitHub\CODA\samples\JUCESample\Source\PluginEditor.cpp(149,30): warning C4244: 'argument': conversion from 'double' to 'int', possible loss of data
C:\Users\lando\Documents\GitHub\CODA\samples\JUCESample\Source\PluginEditor.cpp(154,53): warning C4244: 'argument': conversion from 'double' to 'int', possible loss of data
C:\Users\lando\Documents\GitHub\CODA\samples\JUCESample\Source\PluginEditor.cpp(154,42): warning C4244: 'argument': conversion from 'double' to 'int', possible loss of data
C:\Users\lando\Documents\GitHub\CODA\samples\JUCESample\Source\PluginEditor.cpp(154,35): warning C4244: 'argument': conversion from 'double' to 'int', possible loss of data
C:\Users\lando\Documents\GitHub\CODA\samples\JUCESample\Source\PluginEditor.cpp(154,28): warning C4244: 'argument': conversion from 'double' to 'int', possible loss of data
C:\Users\lando\Documents\GitHub\CODA\samples\JUCESample\Source\PluginEditor.cpp(156,52): warning C4244: 'argument': conversion from 'double' to 'int', possible loss of data
C:\Users\lando\Documents\GitHub\CODA\samples\JUCESample\Source\PluginEditor.cpp(156,41): warning C4244: 'argument': conversion from 'double' to 'int', possible loss of data
C:\Users\lando\Documents\GitHub\CODA\samples\JUCESample\Source\PluginEditor.cpp(156,34): warning C4244: 'argument': conversion from 'double' to 'int', possible loss of data
C:\Users\lando\Documents\GitHub\CODA\samples\JUCESample\Source\PluginEditor.cpp(156,27): warning C4244: 'argument': conversion from 'double' to 'int', possible loss of data
C:\Users\lando\Documents\GitHub\CODA\samples\JUCESample\Source\PluginEditor.cpp(159,92): warning C4244: 'argument': conversion from 'double' to 'ValueType', possible loss of data
          with
          [
              ValueType=int
          ]
C:\Users\lando\Documents\GitHub\CODA\samples\JUCESample\Source\PluginEditor.cpp(159,73): warning C4244: 'argument': conversion from 'double' to 'ValueType', possible loss of data
          with
          [
              ValueType=int
          ]
C:\Users\lando\Documents\GitHub\CODA\samples\JUCESample\Source\PluginEditor.cpp(162,72): warning C4244: 'argument': conversion from 'double' to 'ValueType', possible loss of data
          with
          [
              ValueType=int
          ]
C:\Users\lando\Documents\GitHub\CODA\samples\JUCESample\Source\PluginEditor.cpp(163,72): warning C4244: 'argument': conversion from 'double' to 'ValueType', possible loss of data
          with
          [
              ValueType=int
          ]
C:\Users\lando\Documents\GitHub\CODA\samples\JUCESample\Source\PluginEditor.cpp(164,65): warning C4244: 'argument': conversion from 'double' to 'ValueType', possible loss of data
          with
          [
              ValueType=int
          ]
C:\Users\lando\Documents\GitHub\CODA\samples\JUCESample\Source\PluginEditor.cpp(165,70): warning C4244: 'argument': conversion from 'double' to 'ValueType', possible loss of data
          with
          [
              ValueType=int
          ]
C:\Users\lando\Documents\GitHub\CODA\samples\JUCESample\Source\PluginEditor.cpp(178,58): warning C4244: 'argument': conversion from 'double' to 'int', possible loss of data
C:\Users\lando\Documents\GitHub\CODA\samples\JUCESample\Source\PluginEditor.cpp(184,60): warning C4244: 'argument': conversion from 'double' to 'float', possible loss of data
C:\Users\lando\Documents\GitHub\CODA\samples\JUCESample\Source\PluginEditor.cpp(189,61): warning C4244: 'argument': conversion from 'double' to 'int', possible loss of data
C:\Users\lando\Documents\GitHub\CODA\samples\JUCESample\Source\PluginEditor.cpp(211,16): warning C4244: 'initializing': conversion from 'double' to 'int', possible loss of data
C:\Users\lando\Documents\GitHub\CODA\samples\JUCESample\Source\PluginEditor.cpp(212,16): warning C4244: 'initializing': conversion from 'double' to 'int', possible loss of data
C:\Users\lando\Documents\GitHub\CODA\samples\JUCESample\Source\PluginEditor.cpp(213,11): warning C4244: 'initializing': conversion from 'double' to 'int', possible loss of data
C:\Users\lando\Documents\GitHub\CODA\samples\JUCESample\Source\PluginEditor.cpp(214,11): warning C4244: 'initializing': conversion from 'double' to 'int', possible loss of data
  Coda_SharedCode.vcxproj -> C:\Users\lando\Documents\GitHub\CODA\samples\JUCESample\Builds\VisualStudio2022\x64\Release\Shared Code\Coda.lib
